
> dev
> vite --port 5174

12:31:10 PM [vite] (client) Re-optimizing dependencies because lockfile has changed
Port 5174 is in use, trying another one...

  VITE v7.3.2  ready in 287 ms

  ➜  Local:   http://localhost:5175/
  ➜  Network: use --host to expose
  ➜  press h + enter to show help
node:events:486
      throw er; // Unhandled 'error' event
      ^

Error: read EIO
    at TTY.onStreamRead (node:internal/stream_base_commons:216:20)
Emitted 'error' event on Interface instance at:
    at ReadStream.onerror (node:internal/readline/interface:259:10)
    at ReadStream.emit (node:events:508:28)
    at emitErrorNT (node:internal/streams/destroy:170:8)
    at emitErrorCloseNT (node:internal/streams/destroy:129:3)
    at process.processTicksAndRejections (node:internal/process/task_queues:89:21) {
  errno: -5,
  code: 'EIO',
  syscall: 'read'
}

Node.js v24.11.1
